{"numFailedTestSuites":0,"numFailedTests":0,"numPassedTestSuites":2,"numPassedTests":6,"numPendingTestSuites":0,"numPendingTests":0,"numRuntimeErrorTestSuites":0,"numTotalTestSuites":2,"numTotalTests":6,"openHandles":[],"snapshot":{"added":0,"didUpdate":false,"failure":false,"filesAdded":0,"filesRemoved":0,"filesUnmatched":0,"filesUpdated":0,"matched":0,"total":0,"unchecked":0,"uncheckedKeysByFile":[],"unmatched":0,"updated":0},"startTime":1551199770780,"success":true,"testResults":[{"assertionResults":[{"ancestorTitles":["format"],"failureMessages":[],"fullName":"format returns empty string for no names defined","location":null,"status":"passed","title":"returns empty string for no names defined"},{"ancestorTitles":["format"],"failureMessages":[],"fullName":"format formats just first names","location":null,"status":"passed","title":"formats just first names"},{"ancestorTitles":["format"],"failureMessages":[],"fullName":"format formats first and last names","location":null,"status":"passed","title":"formats first and last names"},{"ancestorTitles":["format"],"failureMessages":[],"fullName":"format formats first, middle and last names","location":null,"status":"passed","title":"formats first, middle and last names"}],"endTime":1551199773094,"message":"","name":"/Users/bschoche/IdeaProjects/POCs/stencil-storybook/src/utils/utils.spec.ts","startTime":1551199771860,"status":"passed","summary":""},{"assertionResults":[{"ancestorTitles":["my-component"],"failureMessages":[],"fullName":"my-component renders","location":null,"status":"passed","title":"renders"},{"ancestorTitles":["my-component"],"failureMessages":[],"fullName":"my-component renders changes to the name data","location":null,"status":"passed","title":"renders changes to the name data"}],"endTime":1551199792260,"message":"","name":"/Users/bschoche/IdeaProjects/POCs/stencil-storybook/src/components/my-component/my-component.e2e.ts","startTime":1551199771878,"status":"passed","summary":""}],"wasInterrupted":false}